#0 building with "desktop-linux" instance using docker driver

#1 [internal] load build definition from Dockerfile
#1 transferring dockerfile: 589B done
#1 DONE 0.0s

#2 [internal] load metadata for docker.io/library/python:3.9.20-slim-bullseye
#2 DONE 1.3s

#3 [internal] load .dockerignore
#3 transferring context: 66B done
#3 DONE 0.0s

#4 [1/5] FROM docker.io/library/python:3.9.20-slim-bullseye@sha256:2e1eac82386b5b1f0311fb10c351970bc9cea0aebfac206491c7bd805eb54f1f
#4 DONE 0.0s

#5 [internal] load build context
#5 transferring context: 772B 0.0s done
#5 DONE 0.0s

#6 [2/5] WORKDIR /app
#6 CACHED

#7 [3/5] COPY requirements.txt .
#7 CACHED

#8 [4/5] RUN pip install --no-cache-dir -r requirements.txt
#8 2.305 Collecting fastapi
#8 2.867   Downloading fastapi-0.115.0-py3-none-any.whl (94 kB)
#8 3.064      ━━━━━━━━━━━━━━━━━━━━━━━━━━━━━━━━━━━━━━━ 94.6/94.6 kB 586.0 kB/s eta 0:00:00
#8 3.238 Collecting uvicorn
#8 3.337   Downloading uvicorn-0.30.6-py3-none-any.whl (62 kB)
#8 3.379      ━━━━━━━━━━━━━━━━━━━━━━━━━━━━━━━━━━━━━━━━ 62.8/62.8 kB 1.4 MB/s eta 0:00:00
#8 3.497 Collecting joblib
#8 3.590   Downloading joblib-1.4.2-py3-none-any.whl (301 kB)
#8 3.772      ━━━━━━━━━━━━━━━━━━━━━━━━━━━━━━━━━━━━━━━ 301.8/301.8 kB 1.7 MB/s eta 0:00:00
#8 4.523 Collecting pandas
#8 4.618   Downloading pandas-2.2.2-cp39-cp39-manylinux_2_17_x86_64.manylinux2014_x86_64.whl (13.1 MB)
#8 10.42      ━━━━━━━━━━━━━━━━━━━━━━━━━━━━━━━━━━━━━━━━ 13.1/13.1 MB 2.3 MB/s eta 0:00:00
#8 10.74 ERROR: Could not find a version that satisfies the requirement scikit-learn==1.4.1 (from versions: 0.9, 0.10, 0.11, 0.12, 0.12.1, 0.13, 0.13.1, 0.14, 0.14.1, 0.15.0, 0.15.1, 0.15.2, 0.16.0, 0.16.1, 0.17, 0.17.1, 0.18, 0.18.1, 0.18.2, 0.19.0, 0.19.1, 0.19.2, 0.20.0, 0.20.1, 0.20.2, 0.20.3, 0.20.4, 0.21.1, 0.21.2, 0.21.3, 0.22, 0.22.1, 0.22.2.post1, 0.23.0, 0.23.1, 0.23.2, 0.24.0, 0.24.1, 0.24.2, 1.0, 1.0.1, 1.0.2, 1.1.0, 1.1.1, 1.1.2, 1.1.3, 1.2.0rc1, 1.2.0, 1.2.1, 1.2.2, 1.3.0rc1, 1.3.0, 1.3.1, 1.3.2, 1.4.0rc1, 1.4.0, 1.4.1.post1, 1.4.2, 1.5.0rc1, 1.5.0, 1.5.1, 1.5.2)
#8 10.74 ERROR: No matching distribution found for scikit-learn==1.4.1
#8 11.15 
#8 11.15 [notice] A new release of pip is available: 23.0.1 -> 24.2
#8 11.15 [notice] To update, run: pip install --upgrade pip
#8 ERROR: process "/bin/sh -c pip install --no-cache-dir -r requirements.txt" did not complete successfully: exit code: 1
------
 > [4/5] RUN pip install --no-cache-dir -r requirements.txt:
3.590   Downloading joblib-1.4.2-py3-none-any.whl (301 kB)
3.772      ━━━━━━━━━━━━━━━━━━━━━━━━━━━━━━━━━━━━━━━ 301.8/301.8 kB 1.7 MB/s eta 0:00:00
4.523 Collecting pandas
4.618   Downloading pandas-2.2.2-cp39-cp39-manylinux_2_17_x86_64.manylinux2014_x86_64.whl (13.1 MB)
10.42      ━━━━━━━━━━━━━━━━━━━━━━━━━━━━━━━━━━━━━━━━ 13.1/13.1 MB 2.3 MB/s eta 0:00:00
10.74 ERROR: Could not find a version that satisfies the requirement scikit-learn==1.4.1 (from versions: 0.9, 0.10, 0.11, 0.12, 0.12.1, 0.13, 0.13.1, 0.14, 0.14.1, 0.15.0, 0.15.1, 0.15.2, 0.16.0, 0.16.1, 0.17, 0.17.1, 0.18, 0.18.1, 0.18.2, 0.19.0, 0.19.1, 0.19.2, 0.20.0, 0.20.1, 0.20.2, 0.20.3, 0.20.4, 0.21.1, 0.21.2, 0.21.3, 0.22, 0.22.1, 0.22.2.post1, 0.23.0, 0.23.1, 0.23.2, 0.24.0, 0.24.1, 0.24.2, 1.0, 1.0.1, 1.0.2, 1.1.0, 1.1.1, 1.1.2, 1.1.3, 1.2.0rc1, 1.2.0, 1.2.1, 1.2.2, 1.3.0rc1, 1.3.0, 1.3.1, 1.3.2, 1.4.0rc1, 1.4.0, 1.4.1.post1, 1.4.2, 1.5.0rc1, 1.5.0, 1.5.1, 1.5.2)
10.74 ERROR: No matching distribution found for scikit-learn==1.4.1
11.15 
11.15 [notice] A new release of pip is available: 23.0.1 -> 24.2
11.15 [notice] To update, run: pip install --upgrade pip
------
Dockerfile:11
--------------------
   9 |     
  10 |     # Install the dependencies
  11 | >>> RUN pip install --no-cache-dir -r requirements.txt
  12 |     
  13 |     # Copy the rest of the application code into the container
--------------------
ERROR: failed to solve: process "/bin/sh -c pip install --no-cache-dir -r requirements.txt" did not complete successfully: exit code: 1

View build details: docker-desktop://dashboard/build/desktop-linux/desktop-linux/s2z343w5gtl9q64s55ps8qlko
